<?xml version="1.0" encoding="UTF-8"?>
<!-- Generated by org.testng.reporters.JUnitReportReporter -->
<testsuite skipped="0" hostname="Naveen-Mac.local" name="com.qa.hubspot.tests.LoginTest" tests="2" failures="0" timestamp="29 Aug 2019 01:32:30 GMT" time="16.694" errors="0">
  <testcase name="loginTest" time="10.384" classname="com.qa.hubspot.tests.LoginTest"/>
  <testcase name="loginPageTitleTest" time="6.310" classname="com.qa.hubspot.tests.LoginTest"/>
</testsuite> <!-- com.qa.hubspot.tests.LoginTest -->
